PSMP INSTALL STARTED
DOMAIN: poolserv.info
APT-GET UPDATED
APT-GET UPGRADED
APT-GET INSTALLED WEBSERVER PACKAGES
SELECTED Debian Wheezy
ROTATING SOURCES.LIST BACKUP FILES
WRITING NEW SOURCES.LIST FILE
APT-GET UPDATED
APT-GET UPGRADED
APT-GET ALL PRE-REQS INSTALLED!
GITING PROJECT
CHMODDING FILES
GITING PROJECT
CHMODDING FILES
GITING PROJECT
CHMODDING FILES
GITING PROJECT
CHMODDING FILES
GITING PROJECT
CHMODDING FILES
GITING PROJECT
CHMODDING FILES
GITING PROJECT
CHMODDING FILES
GITING PROJECT
CHMODDING FILES
GITING PROJECT
CHMODDING FILES
GITING PROJECT
CHMODDING FILES
GITING PROJECT
CHMODDING FILES
GITING PROJECT
CHMODDING FILES
GITING PROJECT
CHMODDING FILES
GITING PROJECT
CHMODDING FILES
